13:55:15.858  [INFO ] e.v.t.u.MainApp msg: Bootstrapping the application...
13:55:16.754  [INFO ] e.v.t.c.MainAppFXMLController msg: Initializing MainAppController...
13:57:35.269  [INFO ] e.v.t.u.MainApp msg: Bootstrapping the application...
13:57:36.198  [INFO ] e.v.t.c.MainAppFXMLController msg: Initializing MainAppController...
13:58:57.389  [INFO ] e.v.t.u.MainApp msg: Bootstrapping the application...
13:58:58.289  [INFO ] e.v.t.c.MainAppFXMLController msg: Initializing MainAppController...
14:36:07.292  [INFO ] e.v.t.u.MainApp msg: Bootstrapping the application...
14:36:08.231  [INFO ] e.v.t.c.MainAppFXMLController msg: Initializing MainAppController...
14:45:50.908  [INFO ] e.v.t.u.MainApp msg: Bootstrapping the application...
14:45:51.798  [INFO ] e.v.t.c.MainAppFXMLController msg: Initializing MainAppController...
14:56:04.096  [INFO ] e.v.t.u.MainApp msg: Bootstrapping the application...
14:56:04.994  [INFO ] e.v.t.c.MainAppFXMLController msg: Initializing MainAppController...
14:57:03.274  [INFO ] e.v.t.u.MainApp msg: Bootstrapping the application...
14:57:04.199  [INFO ] e.v.t.c.MainAppFXMLController msg: Initializing MainAppController...
14:57:32.806  [INFO ] e.v.t.u.MainApp msg: Bootstrapping the application...
14:57:33.690  [INFO ] e.v.t.c.MainAppFXMLController msg: Initializing MainAppController...
14:59:09.316  [INFO ] e.v.t.u.MainApp msg: Bootstrapping the application...
14:59:10.284  [INFO ] e.v.t.c.MainAppFXMLController msg: Initializing MainAppController...
14:59:24.288  [INFO ] e.v.t.u.MainApp msg: Bootstrapping the application...
14:59:25.204  [INFO ] e.v.t.c.MainAppFXMLController msg: Initializing MainAppController...
14:59:58.238  [INFO ] e.v.t.u.MainApp msg: Bootstrapping the application...
14:59:59.135  [INFO ] e.v.t.c.MainAppFXMLController msg: Initializing MainAppController...
15:00:11.601  [INFO ] e.v.t.u.MainApp msg: Bootstrapping the application...
15:00:12.506  [INFO ] e.v.t.c.MainAppFXMLController msg: Initializing MainAppController...
15:03:38.800  [INFO ] e.v.t.u.MainApp msg: Bootstrapping the application...
15:03:39.708  [INFO ] e.v.t.c.MainAppFXMLController msg: Initializing MainAppController...
15:04:09.294  [INFO ] e.v.t.u.MainApp msg: Bootstrapping the application...
15:04:10.216  [INFO ] e.v.t.c.MainAppFXMLController msg: Initializing MainAppController...
15:04:44.330  [INFO ] e.v.t.u.MainApp msg: Bootstrapping the application...
15:04:45.263  [INFO ] e.v.t.c.MainAppFXMLController msg: Initializing MainAppController...
15:05:38.975  [INFO ] e.v.t.u.MainApp msg: Bootstrapping the application...
15:05:39.867  [INFO ] e.v.t.c.MainAppFXMLController msg: Initializing MainAppController...
15:06:15.367  [INFO ] e.v.t.u.MainApp msg: Bootstrapping the application...
15:06:16.253  [INFO ] e.v.t.c.MainAppFXMLController msg: Initializing MainAppController...
15:09:25.517  [INFO ] e.v.t.u.MainApp msg: Bootstrapping the application...
15:09:26.426  [INFO ] e.v.t.c.MainAppFXMLController msg: Initializing MainAppController...
15:10:34.920  [INFO ] e.v.t.u.MainApp msg: Bootstrapping the application...
15:10:35.870  [INFO ] e.v.t.c.MainAppFXMLController msg: Initializing MainAppController...
15:15:20.217  [INFO ] e.v.t.u.MainApp msg: Bootstrapping the application...
15:15:21.146  [INFO ] e.v.t.c.MainAppFXMLController msg: Initializing MainAppController...
15:16:13.277  [INFO ] e.v.t.u.MainApp msg: Bootstrapping the application...
15:16:14.203  [INFO ] e.v.t.c.MainAppFXMLController msg: Initializing MainAppController...
15:16:54.211  [INFO ] e.v.t.u.MainApp msg: Bootstrapping the application...
15:16:55.201  [INFO ] e.v.t.c.MainAppFXMLController msg: Initializing MainAppController...
15:18:01.255  [INFO ] e.v.t.u.MainApp msg: Bootstrapping the application...
15:18:02.175  [INFO ] e.v.t.c.MainAppFXMLController msg: Initializing MainAppController...
22:17:09.083  [INFO ] e.v.t.u.MainApp msg: Bootstrapping the application...
22:17:10.048  [INFO ] e.v.t.c.MainAppFXMLController msg: Initializing MainAppController...
22:17:10.054  [ERROR] e.v.t.u.MainApp msg: 
/C:/JavaStuff/integrative-project-in-csm-project-epicsam-batteriesnotincluded2/Deliverable%203/MechanicsSimulation/build/resources/main/fxml/MainApp_layout.fxml

javafx.fxml.LoadException: 
/C:/JavaStuff/integrative-project-in-csm-project-epicsam-batteriesnotincluded2/Deliverable%203/MechanicsSimulation/build/resources/main/fxml/MainApp_layout.fxml

	at javafx.fxml@22.0.2/javafx.fxml.FXMLLoader.constructLoadException(FXMLLoader.java:2727)
	at javafx.fxml@22.0.2/javafx.fxml.FXMLLoader.loadImpl(FXMLLoader.java:2697)
	at javafx.fxml@22.0.2/javafx.fxml.FXMLLoader.loadImpl(FXMLLoader.java:2568)
	at javafx.fxml@22.0.2/javafx.fxml.FXMLLoader.load(FXMLLoader.java:2536)
	at edu.vanier.template.helpers.FxUIHelper.loadFXML(FxUIHelper.java:50)
	at edu.vanier.template.ui.MainApp.start(MainApp.java:58)
	at javafx.graphics@22.0.2/com.sun.javafx.application.LauncherImpl.lambda$launchApplication1$9(LauncherImpl.java:839)
	at javafx.graphics@22.0.2/com.sun.javafx.application.PlatformImpl.lambda$runAndWait$12(PlatformImpl.java:483)
	at javafx.graphics@22.0.2/com.sun.javafx.application.PlatformImpl.lambda$runLater$10(PlatformImpl.java:456)
	at java.base/java.security.AccessController.doPrivileged(AccessController.java:400)
	at javafx.graphics@22.0.2/com.sun.javafx.application.PlatformImpl.lambda$runLater$11(PlatformImpl.java:455)
	at javafx.graphics@22.0.2/com.sun.glass.ui.InvokeLaterDispatcher$Future.run(InvokeLaterDispatcher.java:95)
	at javafx.graphics@22.0.2/com.sun.glass.ui.win.WinApplication._runLoop(Native Method)
	at javafx.graphics@22.0.2/com.sun.glass.ui.win.WinApplication.lambda$runLoop$3(WinApplication.java:184)
	at java.base/java.lang.Thread.run(Thread.java:1570)
Caused by: java.lang.reflect.InvocationTargetException: null
	at java.base/jdk.internal.reflect.DirectMethodHandleAccessor.invoke(DirectMethodHandleAccessor.java:115)
	at java.base/java.lang.reflect.Method.invoke(Method.java:580)
	at com.sun.javafx.reflect.Trampoline.invoke(MethodUtil.java:72)
	at java.base/jdk.internal.reflect.DirectMethodHandleAccessor.invoke(DirectMethodHandleAccessor.java:103)
	at java.base/java.lang.reflect.Method.invoke(Method.java:580)
	at javafx.base@22.0.2/com.sun.javafx.reflect.MethodUtil.invoke(MethodUtil.java:270)
	at javafx.fxml@22.0.2/com.sun.javafx.fxml.MethodHelper.invoke(MethodHelper.java:84)
	at javafx.fxml@22.0.2/javafx.fxml.FXMLLoader.loadImpl(FXMLLoader.java:2693)
	... 13 common frames omitted
Caused by: java.lang.NullPointerException: Cannot invoke "javafx.scene.control.Label.setVisible(boolean)" because "this.lbWarning" is null
	at edu.vanier.template.controllers.MainAppFXMLController.initialize(MainAppFXMLController.java:42)
	at java.base/jdk.internal.reflect.DirectMethodHandleAccessor.invoke(DirectMethodHandleAccessor.java:103)
	... 20 common frames omitted
22:17:26.615  [INFO ] e.v.t.u.MainApp msg: Bootstrapping the application...
22:17:27.549  [INFO ] e.v.t.c.MainAppFXMLController msg: Initializing MainAppController...
22:19:20.515  [INFO ] e.v.t.u.MainApp msg: Bootstrapping the application...
22:19:21.452  [INFO ] e.v.t.c.MainAppFXMLController msg: Initializing MainAppController...
22:19:39.781  [INFO ] e.v.t.u.MainApp msg: Bootstrapping the application...
22:19:40.755  [INFO ] e.v.t.c.MainAppFXMLController msg: Initializing MainAppController...
22:19:52.360  [INFO ] e.v.t.u.MainApp msg: Bootstrapping the application...
22:19:53.355  [INFO ] e.v.t.c.MainAppFXMLController msg: Initializing MainAppController...
22:24:55.077  [INFO ] e.v.t.u.MainApp msg: Bootstrapping the application...
22:24:56.053  [INFO ] e.v.t.c.MainAppFXMLController msg: Initializing MainAppController...
22:25:48.216  [INFO ] e.v.t.u.MainApp msg: Bootstrapping the application...
22:25:49.147  [INFO ] e.v.t.c.MainAppFXMLController msg: Initializing MainAppController...
22:26:24.262  [INFO ] e.v.t.u.MainApp msg: Bootstrapping the application...
22:26:25.240  [INFO ] e.v.t.c.MainAppFXMLController msg: Initializing MainAppController...
22:26:37.685  [INFO ] e.v.t.u.MainApp msg: Bootstrapping the application...
22:26:38.679  [INFO ] e.v.t.c.MainAppFXMLController msg: Initializing MainAppController...
22:27:43.291  [INFO ] e.v.t.u.MainApp msg: Bootstrapping the application...
22:27:44.233  [INFO ] e.v.t.c.MainAppFXMLController msg: Initializing MainAppController...
22:28:30.872  [INFO ] e.v.t.u.MainApp msg: Bootstrapping the application...
22:28:31.852  [INFO ] e.v.t.c.MainAppFXMLController msg: Initializing MainAppController...
22:33:36.829  [INFO ] e.v.t.u.MainApp msg: Bootstrapping the application...
22:33:37.795  [INFO ] e.v.t.c.MainAppFXMLController msg: Initializing MainAppController...
22:40:35.905  [INFO ] e.v.t.u.MainApp msg: Bootstrapping the application...
22:40:36.922  [INFO ] e.v.t.c.MainAppFXMLController msg: Initializing MainAppController...
22:47:00.452  [INFO ] e.v.t.u.MainApp msg: Bootstrapping the application...
22:47:01.426  [INFO ] e.v.t.c.MainAppFXMLController msg: Initializing MainAppController...
22:48:59.760  [INFO ] e.v.t.u.MainApp msg: Bootstrapping the application...
22:49:00.722  [INFO ] e.v.t.c.MainAppFXMLController msg: Initializing MainAppController...
22:50:28.853  [INFO ] e.v.t.u.MainApp msg: Bootstrapping the application...
22:50:29.812  [INFO ] e.v.t.c.MainAppFXMLController msg: Initializing MainAppController...
22:50:53.443  [INFO ] e.v.t.u.MainApp msg: Bootstrapping the application...
22:50:54.332  [INFO ] e.v.t.c.MainAppFXMLController msg: Initializing MainAppController...
22:51:45.907  [INFO ] e.v.t.u.MainApp msg: Bootstrapping the application...
22:51:46.874  [INFO ] e.v.t.c.MainAppFXMLController msg: Initializing MainAppController...
22:52:38.163  [INFO ] e.v.t.u.MainApp msg: Bootstrapping the application...
22:52:39.112  [INFO ] e.v.t.c.MainAppFXMLController msg: Initializing MainAppController...
22:54:21.779  [INFO ] e.v.t.u.MainApp msg: Bootstrapping the application...
22:54:22.770  [INFO ] e.v.t.c.MainAppFXMLController msg: Initializing MainAppController...
22:57:28.322  [INFO ] e.v.t.u.MainApp msg: Bootstrapping the application...
22:57:29.315  [INFO ] e.v.t.c.MainAppFXMLController msg: Initializing MainAppController...
23:00:14.612  [INFO ] e.v.t.u.MainApp msg: Bootstrapping the application...
23:00:15.580  [INFO ] e.v.t.c.MainAppFXMLController msg: Initializing MainAppController...
23:05:03.148  [INFO ] e.v.t.u.MainApp msg: Bootstrapping the application...
23:05:04.181  [INFO ] e.v.t.c.MainAppFXMLController msg: Initializing MainAppController...
23:12:25.188  [INFO ] e.v.t.u.MainApp msg: Bootstrapping the application...
23:12:26.176  [INFO ] e.v.t.c.MainAppFXMLController msg: Initializing MainAppController...
23:12:53.910  [INFO ] e.v.t.u.MainApp msg: Bootstrapping the application...
23:12:54.911  [INFO ] e.v.t.c.MainAppFXMLController msg: Initializing MainAppController...
23:14:00.504  [INFO ] e.v.t.u.MainApp msg: Bootstrapping the application...
23:14:01.490  [INFO ] e.v.t.c.MainAppFXMLController msg: Initializing MainAppController...
